[ 2 ,   5 ,   1 1 ,   1 9 ]
[ 1 ,   1 ,   2 ,   2 ,   3 ,   4 ,   5 ,   6 ]
[ 2 ,   5 ,   1 1 ,   1 9 ]
[ 1 ,   1 ,   2 ,   2 ,   3 ,   4 ,   5 ,   6 ]
[,2,,, ,5,,, ,1,1,,, ,1,9,]
[,1,,, ,1,,, ,2,,, ,2,,, ,3,,, ,4,,, ,5,,, ,6,]
[2, 5, 11, 19]
[1, 1, 2, 2, 3, 4, 5, 6]
[2, 5, 11, 19]
[1, 1, 2, 2, 3, 4, 5, 6]
[ 2 ,   5 ,   1 1 ,   1 9 ]
[ 1 ,   1 ,   2 ,   2 ,   3 ,   4 ,   5 ,   6 ]
2 5 11 19
1 1 2 2 3 4 5 6
2 5 11 19
1 1 2 2 3 4 5 6
2 5 11 19
1 1 2 2 3 4 5 6
2 5 11 19
1 1 2 2 3 4 5 6
2 5 11 19
1 1 2 2 3 4 5 6
2 5 11 19
1 1 2 2 3 4 5 6
2 5 11 19
1 1 2 2 3 4 5 6
2 5 11 19
1 1 2 2 3 4 5 6
